<?xml version="1.0" encoding="UTF-8"?>
<!-- Generated by org.testng.reporters.JUnitReportReporter -->
<testsuite skipped="0" hostname="Wendy" name="test.SampleTest" tests="1" failures="0" timestamp="18 abr 2018 06:19:01 GMT" time="0.015" errors="0">
  <testcase name="first" time="0.015" classname="test.SampleTest"/>
</testsuite> <!-- test.SampleTest -->
