<?xml version="1.0" encoding="UTF-8"?>
<!-- Generated by org.testng.reporters.JUnitReportReporter -->
<testsuite hostname="DESKTOP-GAE8EPN" failures="0" tests="2" name="test.RegformTest" time="24.998" errors="0" timestamp="26 Apr 2018 23:35:58 GMT" skipped="0">
  <testcase classname="test.RegformTest" name="regformTest" time="15.940"/>
  <testcase classname="test.RegformTest" name="regformTestFail" time="9.058"/>
</testsuite> <!-- test.RegformTest -->
