<?xml version="1.0" encoding="UTF-8"?>
<!-- Generated by org.testng.reporters.JUnitReportReporter -->
<testsuite skipped="0" hostname="Wendy" name="test.RegformTest" tests="1" failures="0" timestamp="16 abr 2018 05:56:53 GMT" time="11.087" errors="0">
  <testcase name="regformTest" time="11.087" classname="test.RegformTest"/>
</testsuite> <!-- test.RegformTest -->
