<?xml version="1.0" encoding="UTF-8"?>
<!-- Generated by org.testng.reporters.JUnitReportReporter -->
<testsuite skipped="0" hostname="Wendy" name="test.RegformTest" tests="2" failures="0" timestamp="20 abr 2018 21:24:18 GMT" time="32.158" errors="0">
  <testcase name="regformTest" time="20.727" classname="test.RegformTest"/>
  <testcase name="regformTestFail" time="11.431" classname="test.RegformTest"/>
</testsuite> <!-- test.RegformTest -->
