<?xml version="1.0" encoding="UTF-8"?>
<!-- Generated by org.testng.reporters.JUnitReportReporter -->
<testsuite hostname="DESKTOP-GAE8EPN" failures="0" tests="1" name="test.SampleTest" time="0.009" errors="0" timestamp="18 Apr 2018 22:32:14 GMT" skipped="0">
  <testcase classname="test.SampleTest" name="first" time="0.009"/>
</testsuite> <!-- test.SampleTest -->
