<?xml version="1.0" encoding="UTF-8"?>
<!-- Generated by org.testng.reporters.JUnitReportReporter -->
<testsuite skipped="0" hostname="Wendy" name="test.RegformTest" tests="2" failures="0" timestamp="27 abr 2018 04:36:09 GMT" time="35.064" errors="0">
  <testcase name="regformTest" time="22.517" classname="test.RegformTest"/>
  <testcase name="regformTestFail" time="12.547" classname="test.RegformTest"/>
</testsuite> <!-- test.RegformTest -->
