<?xml version="1.0" encoding="UTF-8"?>
<!-- Generated by org.testng.reporters.JUnitReportReporter -->
<testsuite skipped="0" hostname="Wendy" name="test.RegformTest" tests="1" failures="0" timestamp="20 abr 2018 05:38:51 GMT" time="19.436" errors="0">
  <testcase name="regformTest" time="19.436" classname="test.RegformTest"/>
</testsuite> <!-- test.RegformTest -->
