<?xml version="1.0" encoding="UTF-8"?>
<!-- Generated by org.testng.reporters.JUnitReportReporter -->
<testsuite skipped="0" hostname="Wendy" name="test.RegformTest" tests="2" failures="0" timestamp="27 abr 2018 03:32:49 GMT" time="69.596" errors="0">
  <testcase name="regformTest" time="39.747" classname="test.RegformTest"/>
  <testcase name="regformTestFail" time="29.849" classname="test.RegformTest"/>
</testsuite> <!-- test.RegformTest -->
