<?xml version="1.0" encoding="UTF-8"?>
<!-- Generated by org.testng.reporters.JUnitReportReporter -->
<<<<<<< HEAD
<<<<<<< HEAD
<testsuite skipped="0" hostname="Wendy" name="test.RegformTest" tests="2" failures="0" timestamp="27 abr 2018 03:32:49 GMT" time="69.596" errors="0">
  <testcase name="regformTest" time="39.747" classname="test.RegformTest"/>
  <testcase name="regformTestFail" time="29.849" classname="test.RegformTest"/>
=======
<testsuite hostname="DESKTOP-GAE8EPN" failures="0" tests="2" name="test.RegformTest" time="24.998" errors="0" timestamp="26 Apr 2018 23:35:58 GMT" skipped="0">
  <testcase classname="test.RegformTest" name="regformTest" time="15.940"/>
  <testcase classname="test.RegformTest" name="regformTestFail" time="9.058"/>
>>>>>>> 790e356b85097f489427e930e4b889cda7bb0145
=======
<testsuite skipped="0" hostname="Wendy" name="test.RegformTest" tests="2" failures="0" timestamp="20 abr 2018 21:24:18 GMT" time="32.158" errors="0">
  <testcase name="regformTest" time="20.727" classname="test.RegformTest"/>
  <testcase name="regformTestFail" time="11.431" classname="test.RegformTest"/>
>>>>>>> parent of 0a56acc... selecting by send keys
</testsuite> <!-- test.RegformTest -->
