<?xml version="1.0" encoding="UTF-8"?>
<!-- Generated by org.testng.reporters.JUnitReportReporter -->
<testsuite skipped="0" hostname="Wendy" name="test.RegformTest" tests="2" failures="0" timestamp="19 jul 2018 04:29:59 GMT" time="44.725" errors="0">
  <testcase name="regformTest" time="26.372" classname="test.RegformTest"/>
  <testcase name="regformTestFail" time="18.353" classname="test.RegformTest"/>
</testsuite> <!-- test.RegformTest -->
